GPU already assigned before: 0

Loading retina data

Visualing a few cases in the training set

Starting part 1.2
Percentage of positive (foreground) labels: 18.33%
Ratio of negative (background) to positive labels: 4.46

Starting part 1.3

Starting training loop 1
  Train Epoch: 0 	Loss: 1.12358
  F1 train: 0.00000 	 F1 val: 0.00000
    Best F1 so far: 0.00000
  Train Epoch: 1 	Loss: 1.06920
  F1 train: 0.00000 	 F1 val: 0.00000
    Best F1 so far: 0.00000
  Train Epoch: 2 	Loss: 1.00666
  F1 train: 0.00000 	 F1 val: 0.00000
    Best F1 so far: 0.00000
  Train Epoch: 3 	Loss: 0.94959
  F1 train: 0.00847 	 F1 val: 0.00831
    Best F1 so far: 0.00831
  Train Epoch: 4 	Loss: 0.88928
  F1 train: 0.00667 	 F1 val: 0.00483
    Best F1 so far: 0.00831
  Train Epoch: 5 	Loss: 0.84465
  F1 train: 0.13511 	 F1 val: 0.14182
    Best F1 so far: 0.14182
  Train Epoch: 6 	Loss: 0.77770
  F1 train: 0.11199 	 F1 val: 0.09793
    Best F1 so far: 0.14182
  Train Epoch: 7 	Loss: 0.75818
  F1 train: 0.33787 	 F1 val: 0.30885
    Best F1 so far: 0.30885
  Train Epoch: 8 	Loss: 0.73424
  F1 train: 0.57852 	 F1 val: 0.58928
    Best F1 so far: 0.58928
  Train Epoch: 9 	Loss: 0.69113
  F1 train: 0.58647 	 F1 val: 0.57004
    Best F1 so far: 0.58928
  Train Epoch: 10 	Loss: 0.66638
  F1 train: 0.48326 	 F1 val: 0.44276
    Best F1 so far: 0.58928
  Train Epoch: 11 	Loss: 0.65685
  F1 train: 0.68318 	 F1 val: 0.68596
    Best F1 so far: 0.68596
  Train Epoch: 12 	Loss: 0.61925
  F1 train: 0.66757 	 F1 val: 0.71807
    Best F1 so far: 0.71807
  Train Epoch: 13 	Loss: 0.61449
  F1 train: 0.69078 	 F1 val: 0.73651
    Best F1 so far: 0.73651
  Train Epoch: 14 	Loss: 0.59939
  F1 train: 0.68189 	 F1 val: 0.73166
    Best F1 so far: 0.73651
  Train Epoch: 15 	Loss: 0.58498
  F1 train: 0.69609 	 F1 val: 0.73228
    Best F1 so far: 0.73651
  Train Epoch: 16 	Loss: 0.58131
  F1 train: 0.69416 	 F1 val: 0.74497
    Best F1 so far: 0.74497
  Train Epoch: 17 	Loss: 0.57813
  F1 train: 0.66271 	 F1 val: 0.71976
    Best F1 so far: 0.74497
  Train Epoch: 18 	Loss: 0.56652
  F1 train: 0.67740 	 F1 val: 0.67111
    Best F1 so far: 0.74497
  Train Epoch: 19 	Loss: 0.57066
  F1 train: 0.70001 	 F1 val: 0.75222
    Best F1 so far: 0.75222
  Train Epoch: 20 	Loss: 0.55783
  F1 train: 0.68047 	 F1 val: 0.70510
    Best F1 so far: 0.75222
  Train Epoch: 21 	Loss: 0.57052
  F1 train: 0.69328 	 F1 val: 0.72672
    Best F1 so far: 0.75222
  Train Epoch: 22 	Loss: 0.55980
  F1 train: 0.71706 	 F1 val: 0.70614
    Best F1 so far: 0.75222
  Train Epoch: 23 	Loss: 0.54940
  F1 train: 0.69807 	 F1 val: 0.74738
    Best F1 so far: 0.75222
  Train Epoch: 24 	Loss: 0.54291
  F1 train: 0.73306 	 F1 val: 0.76195
    Best F1 so far: 0.76195
  Train Epoch: 25 	Loss: 0.53522
  F1 train: 0.73813 	 F1 val: 0.76545
    Best F1 so far: 0.76545
  Train Epoch: 26 	Loss: 0.54012
  F1 train: 0.66999 	 F1 val: 0.71971
    Best F1 so far: 0.76545
  Train Epoch: 27 	Loss: 0.54065
  F1 train: 0.66044 	 F1 val: 0.70973
    Best F1 so far: 0.76545
  Train Epoch: 28 	Loss: 0.52580
  F1 train: 0.71218 	 F1 val: 0.73727
    Best F1 so far: 0.76545
  Train Epoch: 29 	Loss: 0.53319
  F1 train: 0.73535 	 F1 val: 0.76918
    Best F1 so far: 0.76918
  Train Epoch: 30 	Loss: 0.52111
  F1 train: 0.66980 	 F1 val: 0.73030
    Best F1 so far: 0.76918
  Train Epoch: 31 	Loss: 0.51399
  F1 train: 0.74440 	 F1 val: 0.76463
    Best F1 so far: 0.76918
  Train Epoch: 32 	Loss: 0.51696
  F1 train: 0.72434 	 F1 val: 0.76109
    Best F1 so far: 0.76918
  Train Epoch: 33 	Loss: 0.52193
  F1 train: 0.73439 	 F1 val: 0.77549
    Best F1 so far: 0.77549
  Train Epoch: 34 	Loss: 0.51620
  F1 train: 0.71871 	 F1 val: 0.75051
    Best F1 so far: 0.77549
  Train Epoch: 35 	Loss: 0.51842
  F1 train: 0.71877 	 F1 val: 0.77035
    Best F1 so far: 0.77549
  Train Epoch: 36 	Loss: 0.51503
  F1 train: 0.70020 	 F1 val: 0.70711
    Best F1 so far: 0.77549
  Train Epoch: 37 	Loss: 0.50538
  F1 train: 0.72600 	 F1 val: 0.72948
    Best F1 so far: 0.77549
  Train Epoch: 38 	Loss: 0.51742
  F1 train: 0.69687 	 F1 val: 0.71186
    Best F1 so far: 0.77549
  Train Epoch: 39 	Loss: 0.50437
  F1 train: 0.73024 	 F1 val: 0.76942
    Best F1 so far: 0.77549
  Train Epoch: 40 	Loss: 0.49913
  F1 train: 0.72840 	 F1 val: 0.76418
    Best F1 so far: 0.77549
  Train Epoch: 41 	Loss: 0.49134
  F1 train: 0.76651 	 F1 val: 0.78953
    Best F1 so far: 0.78953
  Train Epoch: 42 	Loss: 0.49062
  F1 train: 0.76033 	 F1 val: 0.78713
    Best F1 so far: 0.78953
  Train Epoch: 43 	Loss: 0.48758
  F1 train: 0.68442 	 F1 val: 0.73852
    Best F1 so far: 0.78953
  Train Epoch: 44 	Loss: 0.48376
  F1 train: 0.67031 	 F1 val: 0.65258
    Best F1 so far: 0.78953
  Train Epoch: 45 	Loss: 0.50901
  F1 train: 0.72196 	 F1 val: 0.71377
    Best F1 so far: 0.78953
  Train Epoch: 46 	Loss: 0.49413
  F1 train: 0.73450 	 F1 val: 0.76912
    Best F1 so far: 0.78953
  Train Epoch: 47 	Loss: 0.48643
  F1 train: 0.76874 	 F1 val: 0.79125
    Best F1 so far: 0.79125
  Train Epoch: 48 	Loss: 0.47846
  F1 train: 0.76979 	 F1 val: 0.79150
    Best F1 so far: 0.79150
  Train Epoch: 49 	Loss: 0.48123
  F1 train: 0.77255 	 F1 val: 0.78427
    Best F1 so far: 0.79150
  Train Epoch: 50 	Loss: 0.47628
  F1 train: 0.69013 	 F1 val: 0.74363
    Best F1 so far: 0.79150
  Train Epoch: 51 	Loss: 0.47610
  F1 train: 0.68262 	 F1 val: 0.71325
    Best F1 so far: 0.79150
  Train Epoch: 52 	Loss: 0.48910
  F1 train: 0.71458 	 F1 val: 0.77087
    Best F1 so far: 0.79150
  Train Epoch: 53 	Loss: 0.48568
  F1 train: 0.76467 	 F1 val: 0.78857
    Best F1 so far: 0.79150
  Train Epoch: 54 	Loss: 0.46794
  F1 train: 0.77445 	 F1 val: 0.78726
    Best F1 so far: 0.79150
  Train Epoch: 55 	Loss: 0.46955
  F1 train: 0.69107 	 F1 val: 0.65219
    Best F1 so far: 0.79150
  Train Epoch: 56 	Loss: 0.46798
  F1 train: 0.73838 	 F1 val: 0.78005
    Best F1 so far: 0.79150
  Train Epoch: 57 	Loss: 0.47073
  F1 train: 0.69466 	 F1 val: 0.65786
    Best F1 so far: 0.79150
  Train Epoch: 58 	Loss: 0.47836
  F1 train: 0.71779 	 F1 val: 0.77033
    Best F1 so far: 0.79150
  Train Epoch: 59 	Loss: 0.45842
  F1 train: 0.76059 	 F1 val: 0.79370
    Best F1 so far: 0.79370
  Train Epoch: 60 	Loss: 0.45808
  F1 train: 0.74038 	 F1 val: 0.77943
    Best F1 so far: 0.79370
  Train Epoch: 61 	Loss: 0.46444
  F1 train: 0.77281 	 F1 val: 0.79494
    Best F1 so far: 0.79494
  Train Epoch: 62 	Loss: 0.45221
  F1 train: 0.78263 	 F1 val: 0.79970
    Best F1 so far: 0.79970
  Train Epoch: 63 	Loss: 0.45591
  F1 train: 0.75761 	 F1 val: 0.78608
    Best F1 so far: 0.79970
  Train Epoch: 64 	Loss: 0.45218
  F1 train: 0.77603 	 F1 val: 0.78701
    Best F1 so far: 0.79970
  Train Epoch: 65 	Loss: 0.46629
  F1 train: 0.78738 	 F1 val: 0.80087
    Best F1 so far: 0.80087
  Train Epoch: 66 	Loss: 0.45906
  F1 train: 0.74739 	 F1 val: 0.77104
    Best F1 so far: 0.80087
  Train Epoch: 67 	Loss: 0.45007
  F1 train: 0.74894 	 F1 val: 0.78294
    Best F1 so far: 0.80087
  Train Epoch: 68 	Loss: 0.44711
  F1 train: 0.77555 	 F1 val: 0.80036
    Best F1 so far: 0.80087
  Train Epoch: 69 	Loss: 0.44708
  F1 train: 0.75404 	 F1 val: 0.78498
    Best F1 so far: 0.80087
  Train Epoch: 70 	Loss: 0.44919
  F1 train: 0.77899 	 F1 val: 0.80033
    Best F1 so far: 0.80087
  Train Epoch: 71 	Loss: 0.44248
  F1 train: 0.77789 	 F1 val: 0.78009
    Best F1 so far: 0.80087
  Train Epoch: 72 	Loss: 0.44761
  F1 train: 0.78118 	 F1 val: 0.79937
    Best F1 so far: 0.80087
  Train Epoch: 73 	Loss: 0.43947
  F1 train: 0.77916 	 F1 val: 0.80051
    Best F1 so far: 0.80087
  Train Epoch: 74 	Loss: 0.45317
  F1 train: 0.69074 	 F1 val: 0.75195
    Best F1 so far: 0.80087
  Train Epoch: 75 	Loss: 0.43620
  F1 train: 0.72859 	 F1 val: 0.77323
    Best F1 so far: 0.80087
  Train Epoch: 76 	Loss: 0.43219
  F1 train: 0.78405 	 F1 val: 0.80079
    Best F1 so far: 0.80087
  Train Epoch: 77 	Loss: 0.43622
  F1 train: 0.72198 	 F1 val: 0.76114
    Best F1 so far: 0.80087
  Train Epoch: 78 	Loss: 0.43577
  F1 train: 0.75008 	 F1 val: 0.79061
    Best F1 so far: 0.80087
  Train Epoch: 79 	Loss: 0.42730
  F1 train: 0.77188 	 F1 val: 0.79469
    Best F1 so far: 0.80087
  Train Epoch: 80 	Loss: 0.43142
  F1 train: 0.74777 	 F1 val: 0.78629
    Best F1 so far: 0.80087
  Train Epoch: 81 	Loss: 0.42672
  F1 train: 0.76055 	 F1 val: 0.78808
    Best F1 so far: 0.80087
  Train Epoch: 82 	Loss: 0.41860
  F1 train: 0.78318 	 F1 val: 0.79556
    Best F1 so far: 0.80087
  Train Epoch: 83 	Loss: 0.42670
  F1 train: 0.74655 	 F1 val: 0.70798
    Best F1 so far: 0.80087
  Train Epoch: 84 	Loss: 0.43035
  F1 train: 0.75789 	 F1 val: 0.78988
    Best F1 so far: 0.80087
  Train Epoch: 85 	Loss: 0.42393
  F1 train: 0.78933 	 F1 val: 0.80676
    Best F1 so far: 0.80676
  Train Epoch: 86 	Loss: 0.42249
  F1 train: 0.75150 	 F1 val: 0.78751
    Best F1 so far: 0.80676
  Train Epoch: 87 	Loss: 0.42037
  F1 train: 0.78952 	 F1 val: 0.79945
    Best F1 so far: 0.80676
  Train Epoch: 88 	Loss: 0.41281
  F1 train: 0.75810 	 F1 val: 0.79131
    Best F1 so far: 0.80676
  Train Epoch: 89 	Loss: 0.41703
  F1 train: 0.72196 	 F1 val: 0.76927
    Best F1 so far: 0.80676
  Train Epoch: 90 	Loss: 0.41922
  F1 train: 0.79741 	 F1 val: 0.80541
    Best F1 so far: 0.80676
  Train Epoch: 91 	Loss: 0.41423
  F1 train: 0.78524 	 F1 val: 0.80454
    Best F1 so far: 0.80676
  Train Epoch: 92 	Loss: 0.41108
  F1 train: 0.79920 	 F1 val: 0.80845
    Best F1 so far: 0.80845
  Train Epoch: 93 	Loss: 0.40961
  F1 train: 0.76069 	 F1 val: 0.77934
    Best F1 so far: 0.80845
  Train Epoch: 94 	Loss: 0.41195
  F1 train: 0.79932 	 F1 val: 0.79753
    Best F1 so far: 0.80845
  Train Epoch: 95 	Loss: 0.40895
  F1 train: 0.75942 	 F1 val: 0.78620
    Best F1 so far: 0.80845
  Train Epoch: 96 	Loss: 0.40708
  F1 train: 0.76693 	 F1 val: 0.79293
    Best F1 so far: 0.80845
  Train Epoch: 97 	Loss: 0.40585
  F1 train: 0.78161 	 F1 val: 0.80043
    Best F1 so far: 0.80845
  Train Epoch: 98 	Loss: 0.41383
  F1 train: 0.73237 	 F1 val: 0.72561
    Best F1 so far: 0.80845
  Train Epoch: 99 	Loss: 0.40808
  F1 train: 0.75288 	 F1 val: 0.78948
    Best F1 so far: 0.80845
  Train Epoch: 100 	Loss: 0.41005
  F1 train: 0.78218 	 F1 val: 0.78967
    Best F1 so far: 0.80845
  Train Epoch: 101 	Loss: 0.39412
  F1 train: 0.80478 	 F1 val: 0.80151
    Best F1 so far: 0.80845
  Train Epoch: 102 	Loss: 0.40386
  F1 train: 0.79485 	 F1 val: 0.80126
    Best F1 so far: 0.80845
  Train Epoch: 103 	Loss: 0.39439
  F1 train: 0.79870 	 F1 val: 0.80516
    Best F1 so far: 0.80845
  Train Epoch: 104 	Loss: 0.40679
  F1 train: 0.78917 	 F1 val: 0.80800
    Best F1 so far: 0.80845
  Train Epoch: 105 	Loss: 0.39630
  F1 train: 0.72853 	 F1 val: 0.77819
    Best F1 so far: 0.80845
  Train Epoch: 106 	Loss: 0.39276
  F1 train: 0.78894 	 F1 val: 0.80509
    Best F1 so far: 0.80845
  Train Epoch: 107 	Loss: 0.39242
  F1 train: 0.78680 	 F1 val: 0.80622
    Best F1 so far: 0.80845
  Train Epoch: 108 	Loss: 0.39628
  F1 train: 0.79989 	 F1 val: 0.79822
    Best F1 so far: 0.80845
  Train Epoch: 109 	Loss: 0.39247
  F1 train: 0.73122 	 F1 val: 0.76278
    Best F1 so far: 0.80845
  Train Epoch: 110 	Loss: 0.39096
  F1 train: 0.79789 	 F1 val: 0.80775
    Best F1 so far: 0.80845
  Train Epoch: 111 	Loss: 0.39582
  F1 train: 0.78999 	 F1 val: 0.80066
    Best F1 so far: 0.80845
  Train Epoch: 112 	Loss: 0.38052
  F1 train: 0.78121 	 F1 val: 0.79458
    Best F1 so far: 0.80845
  Train Epoch: 113 	Loss: 0.37600
  F1 train: 0.79345 	 F1 val: 0.78703
    Best F1 so far: 0.80845
  Train Epoch: 114 	Loss: 0.38214
  F1 train: 0.79379 	 F1 val: 0.78356
    Best F1 so far: 0.80845
  Train Epoch: 115 	Loss: 0.38765
  F1 train: 0.78307 	 F1 val: 0.79728
    Best F1 so far: 0.80845
  Train Epoch: 116 	Loss: 0.38767
  F1 train: 0.80369 	 F1 val: 0.81101
    Best F1 so far: 0.81101
  Train Epoch: 117 	Loss: 0.39510
  F1 train: 0.80631 	 F1 val: 0.80722
    Best F1 so far: 0.81101
  Train Epoch: 118 	Loss: 0.37397
  F1 train: 0.80962 	 F1 val: 0.80832
    Best F1 so far: 0.81101
  Train Epoch: 119 	Loss: 0.36724
  F1 train: 0.79833 	 F1 val: 0.80885
    Best F1 so far: 0.81101
  Train Epoch: 120 	Loss: 0.37907
  F1 train: 0.78805 	 F1 val: 0.79773
    Best F1 so far: 0.81101
  Train Epoch: 121 	Loss: 0.37711
  F1 train: 0.81374 	 F1 val: 0.81039
    Best F1 so far: 0.81101
  Train Epoch: 122 	Loss: 0.36609
  F1 train: 0.80572 	 F1 val: 0.80698
    Best F1 so far: 0.81101
  Train Epoch: 123 	Loss: 0.38527
  F1 train: 0.76766 	 F1 val: 0.78939
    Best F1 so far: 0.81101
  Train Epoch: 124 	Loss: 0.37266
  F1 train: 0.78444 	 F1 val: 0.79627
    Best F1 so far: 0.81101
  Train Epoch: 125 	Loss: 0.36647
  F1 train: 0.80255 	 F1 val: 0.80394
    Best F1 so far: 0.81101
  Train Epoch: 126 	Loss: 0.36041
  F1 train: 0.81317 	 F1 val: 0.81067
    Best F1 so far: 0.81101
  Train Epoch: 127 	Loss: 0.35996
  F1 train: 0.70041 	 F1 val: 0.73965
    Best F1 so far: 0.81101
  Train Epoch: 128 	Loss: 0.38003
  F1 train: 0.80441 	 F1 val: 0.80200
    Best F1 so far: 0.81101
  Train Epoch: 129 	Loss: 0.37847
  F1 train: 0.76066 	 F1 val: 0.78776
    Best F1 so far: 0.81101
  Train Epoch: 130 	Loss: 0.37239
  F1 train: 0.79849 	 F1 val: 0.80690
    Best F1 so far: 0.81101
  Train Epoch: 131 	Loss: 0.36225
  F1 train: 0.77175 	 F1 val: 0.78784
    Best F1 so far: 0.81101
  Train Epoch: 132 	Loss: 0.36028
  F1 train: 0.77463 	 F1 val: 0.78920
    Best F1 so far: 0.81101
  Train Epoch: 133 	Loss: 0.35251
  F1 train: 0.81672 	 F1 val: 0.81162
    Best F1 so far: 0.81162
  Train Epoch: 134 	Loss: 0.35794
  F1 train: 0.78383 	 F1 val: 0.79447
    Best F1 so far: 0.81162
  Train Epoch: 135 	Loss: 0.34819
  F1 train: 0.80746 	 F1 val: 0.79378
    Best F1 so far: 0.81162
  Train Epoch: 136 	Loss: 0.35283
  F1 train: 0.76067 	 F1 val: 0.78607
    Best F1 so far: 0.81162
  Train Epoch: 137 	Loss: 0.36725
  F1 train: 0.67433 	 F1 val: 0.72274
    Best F1 so far: 0.81162
  Train Epoch: 138 	Loss: 0.35828
  F1 train: 0.77460 	 F1 val: 0.79149
    Best F1 so far: 0.81162
  Train Epoch: 139 	Loss: 0.35446
  F1 train: 0.79623 	 F1 val: 0.79983
    Best F1 so far: 0.81162
  Train Epoch: 140 	Loss: 0.35477
  F1 train: 0.80488 	 F1 val: 0.80507
    Best F1 so far: 0.81162
  Train Epoch: 141 	Loss: 0.34973
  F1 train: 0.69091 	 F1 val: 0.72898
    Best F1 so far: 0.81162
  Train Epoch: 142 	Loss: 0.34520
  F1 train: 0.81539 	 F1 val: 0.80596
    Best F1 so far: 0.81162
  Train Epoch: 143 	Loss: 0.35010
  F1 train: 0.78707 	 F1 val: 0.79703
    Best F1 so far: 0.81162
  Train Epoch: 144 	Loss: 0.34986
  F1 train: 0.71084 	 F1 val: 0.74766
    Best F1 so far: 0.81162
  Train Epoch: 145 	Loss: 0.34877
  F1 train: 0.79225 	 F1 val: 0.79938
    Best F1 so far: 0.81162
  Train Epoch: 146 	Loss: 0.34228
  F1 train: 0.78538 	 F1 val: 0.79309
    Best F1 so far: 0.81162
  Train Epoch: 147 	Loss: 0.33236
  F1 train: 0.79656 	 F1 val: 0.79979
    Best F1 so far: 0.81162
  Train Epoch: 148 	Loss: 0.33773
  F1 train: 0.82206 	 F1 val: 0.80225
    Best F1 so far: 0.81162
  Train Epoch: 149 	Loss: 0.33300
  F1 train: 0.79098 	 F1 val: 0.79677
    Best F1 so far: 0.81162
  Train Epoch: 150 	Loss: 0.32628
  F1 train: 0.78910 	 F1 val: 0.79782
    Best F1 so far: 0.81162
  Train Epoch: 151 	Loss: 0.33741
  F1 train: 0.80419 	 F1 val: 0.80404
    Best F1 so far: 0.81162
  Train Epoch: 152 	Loss: 0.32136
  F1 train: 0.80344 	 F1 val: 0.80122
    Best F1 so far: 0.81162
  Train Epoch: 153 	Loss: 0.32200
  F1 train: 0.79142 	 F1 val: 0.79608
    Best F1 so far: 0.81162
  Train Epoch: 154 	Loss: 0.32765
  F1 train: 0.80710 	 F1 val: 0.80385
    Best F1 so far: 0.81162
  Train Epoch: 155 	Loss: 0.32574
  F1 train: 0.80460 	 F1 val: 0.80241
    Best F1 so far: 0.81162
  Train Epoch: 156 	Loss: 0.32812
  F1 train: 0.80029 	 F1 val: 0.79883
    Best F1 so far: 0.81162
  Train Epoch: 157 	Loss: 0.31720
  F1 train: 0.80445 	 F1 val: 0.80267
    Best F1 so far: 0.81162
  Train Epoch: 158 	Loss: 0.31670
  F1 train: 0.80379 	 F1 val: 0.80415
    Best F1 so far: 0.81162
  Train Epoch: 159 	Loss: 0.32197
  F1 train: 0.80344 	 F1 val: 0.80309
    Best F1 so far: 0.81162
  Train Epoch: 160 	Loss: 0.32032
  F1 train: 0.80538 	 F1 val: 0.80273
    Best F1 so far: 0.81162
  Train Epoch: 161 	Loss: 0.31902
  F1 train: 0.79906 	 F1 val: 0.79890
    Best F1 so far: 0.81162
  Train Epoch: 162 	Loss: 0.31951
  F1 train: 0.80092 	 F1 val: 0.80120
    Best F1 so far: 0.81162
  Train Epoch: 163 	Loss: 0.32222
  F1 train: 0.80890 	 F1 val: 0.80566
    Best F1 so far: 0.81162
  Train Epoch: 164 	Loss: 0.32234
  F1 train: 0.80859 	 F1 val: 0.80330
    Best F1 so far: 0.81162
  Train Epoch: 165 	Loss: 0.32673
  F1 train: 0.80285 	 F1 val: 0.80081
    Best F1 so far: 0.81162
  Train Epoch: 166 	Loss: 0.31672
  F1 train: 0.80197 	 F1 val: 0.80131
    Best F1 so far: 0.81162
  Train Epoch: 167 	Loss: 0.31599
  F1 train: 0.80986 	 F1 val: 0.80413
    Best F1 so far: 0.81162
  Train Epoch: 168 	Loss: 0.32034
  F1 train: 0.80669 	 F1 val: 0.80293
    Best F1 so far: 0.81162
  Train Epoch: 169 	Loss: 0.31132
  F1 train: 0.81155 	 F1 val: 0.80554
    Best F1 so far: 0.81162
  Train Epoch: 170 	Loss: 0.31457
  F1 train: 0.81248 	 F1 val: 0.80436
    Best F1 so far: 0.81162
  Train Epoch: 171 	Loss: 0.31321
  F1 train: 0.80561 	 F1 val: 0.80230
    Best F1 so far: 0.81162
  Train Epoch: 172 	Loss: 0.31472
  F1 train: 0.79725 	 F1 val: 0.79785
    Best F1 so far: 0.81162
  Train Epoch: 173 	Loss: 0.31321
  F1 train: 0.80013 	 F1 val: 0.79828
    Best F1 so far: 0.81162
  Train Epoch: 174 	Loss: 0.30977
  F1 train: 0.81110 	 F1 val: 0.80410
    Best F1 so far: 0.81162
  Train Epoch: 175 	Loss: 0.30378
  F1 train: 0.80717 	 F1 val: 0.80294
    Best F1 so far: 0.81162
  Train Epoch: 176 	Loss: 0.31991
  F1 train: 0.81002 	 F1 val: 0.80437
    Best F1 so far: 0.81162
  Train Epoch: 177 	Loss: 0.31503
  F1 train: 0.79577 	 F1 val: 0.79640
    Best F1 so far: 0.81162
  Train Epoch: 178 	Loss: 0.31237
  F1 train: 0.80629 	 F1 val: 0.80319
    Best F1 so far: 0.81162
  Train Epoch: 179 	Loss: 0.31886
  F1 train: 0.80244 	 F1 val: 0.79972
    Best F1 so far: 0.81162
  Train Epoch: 180 	Loss: 0.31404
  F1 train: 0.80011 	 F1 val: 0.79707
    Best F1 so far: 0.81162
  Train Epoch: 181 	Loss: 0.31231
  F1 train: 0.80431 	 F1 val: 0.80028
    Best F1 so far: 0.81162
  Train Epoch: 182 	Loss: 0.31195
  F1 train: 0.80650 	 F1 val: 0.80162
    Best F1 so far: 0.81162
  Train Epoch: 183 	Loss: 0.32169
  F1 train: 0.80999 	 F1 val: 0.80353
    Best F1 so far: 0.81162
  Train Epoch: 184 	Loss: 0.31634
  F1 train: 0.81221 	 F1 val: 0.80441
    Best F1 so far: 0.81162
  Train Epoch: 185 	Loss: 0.31310
  F1 train: 0.80869 	 F1 val: 0.80186
    Best F1 so far: 0.81162
  Train Epoch: 186 	Loss: 0.31834
  F1 train: 0.80529 	 F1 val: 0.79962
    Best F1 so far: 0.81162
  Train Epoch: 187 	Loss: 0.31403
  F1 train: 0.80920 	 F1 val: 0.80232
    Best F1 so far: 0.81162
  Train Epoch: 188 	Loss: 0.30607
  F1 train: 0.80854 	 F1 val: 0.80255
    Best F1 so far: 0.81162
  Train Epoch: 189 	Loss: 0.31436
  F1 train: 0.81034 	 F1 val: 0.80178
    Best F1 so far: 0.81162
  Train Epoch: 190 	Loss: 0.31423
  F1 train: 0.80858 	 F1 val: 0.80176
    Best F1 so far: 0.81162
  Train Epoch: 191 	Loss: 0.30796
  F1 train: 0.80821 	 F1 val: 0.80048
    Best F1 so far: 0.81162
  Train Epoch: 192 	Loss: 0.31226
  F1 train: 0.81132 	 F1 val: 0.80313
    Best F1 so far: 0.81162
  Train Epoch: 193 	Loss: 0.31221
  F1 train: 0.80288 	 F1 val: 0.79945
    Best F1 so far: 0.81162
  Train Epoch: 194 	Loss: 0.31414
  F1 train: 0.80481 	 F1 val: 0.79982
    Best F1 so far: 0.81162
  Train Epoch: 195 	Loss: 0.30865
  F1 train: 0.80505 	 F1 val: 0.79974
    Best F1 so far: 0.81162
  Train Epoch: 196 	Loss: 0.31062
  F1 train: 0.80706 	 F1 val: 0.79996
    Best F1 so far: 0.81162
  Train Epoch: 197 	Loss: 0.30928
  F1 train: 0.80381 	 F1 val: 0.79878
    Best F1 so far: 0.81162
  Train Epoch: 198 	Loss: 0.31645
  F1 train: 0.81362 	 F1 val: 0.80230
    Best F1 so far: 0.81162
  Train Epoch: 199 	Loss: 0.30989
  F1 train: 0.80341 	 F1 val: 0.79831
    Best F1 so far: 0.81162
    F1 score of test set: 0.77621
Sample 0: False Positives = 2469, False Negatives = 2024
Sample 1: False Positives = 2907, False Negatives = 3760
Sample 2: False Positives = 2830, False Negatives = 1474
Sample 3: False Positives = 1377, False Negatives = 3011

Starting training loop 2
  Train Epoch: 0 	Loss: 1.15341
  F1 train: 0.00000 	 F1 val: 0.00000
  Train Epoch: 1 	Loss: 1.14758
  F1 train: 0.00000 	 F1 val: 0.00000
  Train Epoch: 2 	Loss: 1.14166
  F1 train: 0.00000 	 F1 val: 0.00000
  Train Epoch: 3 	Loss: 1.12557
  F1 train: 0.00000 	 F1 val: 0.00000
  Train Epoch: 4 	Loss: 1.12877
  F1 train: 0.00000 	 F1 val: 0.00000
  Train Epoch: 5 	Loss: 1.12989
  F1 train: 0.02010 	 F1 val: 0.02047
  Train Epoch: 6 	Loss: 1.13529
  F1 train: 0.11303 	 F1 val: 0.11872
  Train Epoch: 7 	Loss: 1.13134
  F1 train: 0.14619 	 F1 val: 0.15369
  Train Epoch: 8 	Loss: 1.13255
  F1 train: 0.17350 	 F1 val: 0.18374
  Train Epoch: 9 	Loss: 1.13226
  F1 train: 0.21835 	 F1 val: 0.22878
  Train Epoch: 10 	Loss: 1.13240
  F1 train: 0.25298 	 F1 val: 0.26864
  Train Epoch: 11 	Loss: 1.12368
  F1 train: 0.26837 	 F1 val: 0.28862
  Train Epoch: 12 	Loss: 1.13138
  F1 train: 0.27184 	 F1 val: 0.29779
  Train Epoch: 13 	Loss: 1.13363
  F1 train: 0.26949 	 F1 val: 0.29922
  Train Epoch: 14 	Loss: 1.12235
  F1 train: 0.27569 	 F1 val: 0.30498
  Train Epoch: 15 	Loss: 1.12364
  F1 train: 0.27266 	 F1 val: 0.30566
  Train Epoch: 16 	Loss: 1.12323
  F1 train: 0.28411 	 F1 val: 0.31771
  Train Epoch: 17 	Loss: 1.12845
  F1 train: 0.28815 	 F1 val: 0.33202
  Train Epoch: 18 	Loss: 1.12128
  F1 train: 0.29514 	 F1 val: 0.33838
  Train Epoch: 19 	Loss: 1.13020
  F1 train: 0.30093 	 F1 val: 0.34060
  Train Epoch: 20 	Loss: 1.12840
  F1 train: 0.30938 	 F1 val: 0.34059
  Train Epoch: 21 	Loss: 1.11628
  F1 train: 0.30938 	 F1 val: 0.34344
  Train Epoch: 22 	Loss: 1.10815
  F1 train: 0.28799 	 F1 val: 0.32394
  Train Epoch: 23 	Loss: 1.11861
  F1 train: 0.25669 	 F1 val: 0.27327
  Train Epoch: 24 	Loss: 1.10283
  F1 train: 0.25654 	 F1 val: 0.29353
  Train Epoch: 25 	Loss: 1.10761
  F1 train: 0.19434 	 F1 val: 0.18229
  Train Epoch: 26 	Loss: 1.10632
  F1 train: 0.25496 	 F1 val: 0.24044
  Train Epoch: 27 	Loss: 1.08956
  F1 train: 0.32687 	 F1 val: 0.34870
  Train Epoch: 28 	Loss: 1.07995
  F1 train: 0.32873 	 F1 val: 0.33746
  Train Epoch: 29 	Loss: 1.07329
  F1 train: 0.35603 	 F1 val: 0.38400
  Train Epoch: 30 	Loss: 1.06614
  F1 train: 0.35917 	 F1 val: 0.39627
  Train Epoch: 31 	Loss: 1.06271
  F1 train: 0.31897 	 F1 val: 0.31651
  Train Epoch: 32 	Loss: 1.05709
  F1 train: 0.38256 	 F1 val: 0.39217
  Train Epoch: 33 	Loss: 1.03938
  F1 train: 0.38245 	 F1 val: 0.40890
  Train Epoch: 34 	Loss: 1.03589
  F1 train: 0.38012 	 F1 val: 0.40181
  Train Epoch: 35 	Loss: 1.03857
  F1 train: 0.38904 	 F1 val: 0.39054
  Train Epoch: 36 	Loss: 1.02658
  F1 train: 0.39893 	 F1 val: 0.42300
  Train Epoch: 37 	Loss: 1.02046
  F1 train: 0.39090 	 F1 val: 0.42797
  Train Epoch: 38 	Loss: 1.00516
  F1 train: 0.37112 	 F1 val: 0.35467
  Train Epoch: 39 	Loss: 1.00928
  F1 train: 0.41807 	 F1 val: 0.44251
  Train Epoch: 40 	Loss: 0.99678
  F1 train: 0.39770 	 F1 val: 0.41947
  Train Epoch: 41 	Loss: 0.99922
  F1 train: 0.42904 	 F1 val: 0.42873
  Train Epoch: 42 	Loss: 0.98875
  F1 train: 0.43200 	 F1 val: 0.45884
  Train Epoch: 43 	Loss: 0.98382
  F1 train: 0.42752 	 F1 val: 0.43638
  Train Epoch: 44 	Loss: 0.97944
  F1 train: 0.44388 	 F1 val: 0.45633
  Train Epoch: 45 	Loss: 0.97205
  F1 train: 0.44314 	 F1 val: 0.46305
  Train Epoch: 46 	Loss: 0.96276
  F1 train: 0.45492 	 F1 val: 0.45331
  Train Epoch: 47 	Loss: 0.95857
  F1 train: 0.44419 	 F1 val: 0.45998
  Train Epoch: 48 	Loss: 0.95916
  F1 train: 0.46184 	 F1 val: 0.47681
  Train Epoch: 49 	Loss: 0.94494
  F1 train: 0.46388 	 F1 val: 0.47923
  Train Epoch: 50 	Loss: 0.95583
  F1 train: 0.46669 	 F1 val: 0.44589
  Train Epoch: 51 	Loss: 0.94877
  F1 train: 0.45932 	 F1 val: 0.47836
  Train Epoch: 52 	Loss: 0.94330
  F1 train: 0.47841 	 F1 val: 0.48414
  Train Epoch: 53 	Loss: 0.93333
  F1 train: 0.47429 	 F1 val: 0.46347
  Train Epoch: 54 	Loss: 0.92831
  F1 train: 0.44450 	 F1 val: 0.45897
  Train Epoch: 55 	Loss: 0.92565
  F1 train: 0.45382 	 F1 val: 0.45168
  Train Epoch: 56 	Loss: 0.91307
  F1 train: 0.49072 	 F1 val: 0.49526
  Train Epoch: 57 	Loss: 0.91597
  F1 train: 0.48233 	 F1 val: 0.48509
  Train Epoch: 58 	Loss: 0.91072
  F1 train: 0.48841 	 F1 val: 0.49315
  Train Epoch: 59 	Loss: 0.89895
  F1 train: 0.50130 	 F1 val: 0.50043
  Train Epoch: 60 	Loss: 0.89766
  F1 train: 0.51115 	 F1 val: 0.50065
  Train Epoch: 61 	Loss: 0.88467
  F1 train: 0.49901 	 F1 val: 0.50115
  Train Epoch: 62 	Loss: 0.89336
  F1 train: 0.48162 	 F1 val: 0.48660
  Train Epoch: 63 	Loss: 0.89627
  F1 train: 0.49732 	 F1 val: 0.49371
  Train Epoch: 64 	Loss: 0.87602
  F1 train: 0.50875 	 F1 val: 0.50129
  Train Epoch: 65 	Loss: 0.88326
  F1 train: 0.51632 	 F1 val: 0.51124
  Train Epoch: 66 	Loss: 0.86952
  F1 train: 0.50419 	 F1 val: 0.50926
  Train Epoch: 67 	Loss: 0.87237
  F1 train: 0.52501 	 F1 val: 0.51489
  Train Epoch: 68 	Loss: 0.85181
  F1 train: 0.52714 	 F1 val: 0.50307
  Train Epoch: 69 	Loss: 0.84861
  F1 train: 0.53491 	 F1 val: 0.52267
  Train Epoch: 70 	Loss: 0.85030
  F1 train: 0.53446 	 F1 val: 0.52395
  Train Epoch: 71 	Loss: 0.85043
  F1 train: 0.49635 	 F1 val: 0.50692
  Train Epoch: 72 	Loss: 0.84527
  F1 train: 0.54118 	 F1 val: 0.52192
  Train Epoch: 73 	Loss: 0.84216
  F1 train: 0.54502 	 F1 val: 0.52210
  Train Epoch: 74 	Loss: 0.83561
  F1 train: 0.54769 	 F1 val: 0.52775
  Train Epoch: 75 	Loss: 0.82278
  F1 train: 0.56156 	 F1 val: 0.52700
  Train Epoch: 76 	Loss: 0.81785
  F1 train: 0.55994 	 F1 val: 0.52357
  Train Epoch: 77 	Loss: 0.82475
  F1 train: 0.52253 	 F1 val: 0.51928
  Train Epoch: 78 	Loss: 0.81327
  F1 train: 0.55263 	 F1 val: 0.52243
  Train Epoch: 79 	Loss: 0.80134
  F1 train: 0.54863 	 F1 val: 0.51873
  Train Epoch: 80 	Loss: 0.81207
  F1 train: 0.55233 	 F1 val: 0.52390
  Train Epoch: 81 	Loss: 0.79916
  F1 train: 0.54344 	 F1 val: 0.52704
  Train Epoch: 82 	Loss: 0.80999
  F1 train: 0.56981 	 F1 val: 0.50204
  Train Epoch: 83 	Loss: 0.81210
  F1 train: 0.53964 	 F1 val: 0.52117
  Train Epoch: 84 	Loss: 0.80848
  F1 train: 0.49173 	 F1 val: 0.49993
  Train Epoch: 85 	Loss: 0.78332
  F1 train: 0.56991 	 F1 val: 0.53430
  Train Epoch: 86 	Loss: 0.78215
  F1 train: 0.58517 	 F1 val: 0.52754
  Train Epoch: 87 	Loss: 0.76671
  F1 train: 0.59207 	 F1 val: 0.53185
  Train Epoch: 88 	Loss: 0.77970
  F1 train: 0.56715 	 F1 val: 0.53424
  Train Epoch: 89 	Loss: 0.77070
  F1 train: 0.55899 	 F1 val: 0.52954
  Train Epoch: 90 	Loss: 0.75931
  F1 train: 0.57643 	 F1 val: 0.53568
  Train Epoch: 91 	Loss: 0.77234
  F1 train: 0.58506 	 F1 val: 0.53620
  Train Epoch: 92 	Loss: 0.75836
  F1 train: 0.58796 	 F1 val: 0.53070
  Train Epoch: 93 	Loss: 0.75853
  F1 train: 0.56412 	 F1 val: 0.53319
  Train Epoch: 94 	Loss: 0.76125
  F1 train: 0.54538 	 F1 val: 0.52275
  Train Epoch: 95 	Loss: 0.73151
  F1 train: 0.61035 	 F1 val: 0.52523
  Train Epoch: 96 	Loss: 0.74470
  F1 train: 0.60659 	 F1 val: 0.53720
  Train Epoch: 97 	Loss: 0.72478
  F1 train: 0.58879 	 F1 val: 0.52722
  Train Epoch: 98 	Loss: 0.73539
  F1 train: 0.57160 	 F1 val: 0.52919
  Train Epoch: 99 	Loss: 0.73281
  F1 train: 0.54434 	 F1 val: 0.48511
  Train Epoch: 100 	Loss: 0.72876
  F1 train: 0.58052 	 F1 val: 0.53956
  Train Epoch: 101 	Loss: 0.72938
  F1 train: 0.60416 	 F1 val: 0.53921
  Train Epoch: 102 	Loss: 0.72932
  F1 train: 0.57358 	 F1 val: 0.53536
  Train Epoch: 103 	Loss: 0.70922
  F1 train: 0.57522 	 F1 val: 0.53105
  Train Epoch: 104 	Loss: 0.71667
  F1 train: 0.61879 	 F1 val: 0.54100
  Train Epoch: 105 	Loss: 0.69529
  F1 train: 0.58464 	 F1 val: 0.53235
  Train Epoch: 106 	Loss: 0.70213
  F1 train: 0.62274 	 F1 val: 0.54071
  Train Epoch: 107 	Loss: 0.71259
  F1 train: 0.60297 	 F1 val: 0.53751
  Train Epoch: 108 	Loss: 0.68844
  F1 train: 0.60499 	 F1 val: 0.53984
  Train Epoch: 109 	Loss: 0.67687
  F1 train: 0.58006 	 F1 val: 0.53242
  Train Epoch: 110 	Loss: 0.67597
  F1 train: 0.58529 	 F1 val: 0.53141
  Train Epoch: 111 	Loss: 0.69037
  F1 train: 0.58313 	 F1 val: 0.52575
  Train Epoch: 112 	Loss: 0.67055
  F1 train: 0.63212 	 F1 val: 0.53815
  Train Epoch: 113 	Loss: 0.65581
  F1 train: 0.61844 	 F1 val: 0.52991
  Train Epoch: 114 	Loss: 0.67410
  F1 train: 0.60341 	 F1 val: 0.53045
  Train Epoch: 115 	Loss: 0.65000
  F1 train: 0.59885 	 F1 val: 0.52638
  Train Epoch: 116 	Loss: 0.66469
  F1 train: 0.63058 	 F1 val: 0.54016
  Train Epoch: 117 	Loss: 0.63792
  F1 train: 0.65095 	 F1 val: 0.54536
  Train Epoch: 118 	Loss: 0.66563
  F1 train: 0.62438 	 F1 val: 0.54141
  Train Epoch: 119 	Loss: 0.62551
  F1 train: 0.65756 	 F1 val: 0.53477
  Train Epoch: 120 	Loss: 0.64645
  F1 train: 0.65304 	 F1 val: 0.52501
  Train Epoch: 121 	Loss: 0.64181
  F1 train: 0.64029 	 F1 val: 0.54647
  Train Epoch: 122 	Loss: 0.62558
  F1 train: 0.64527 	 F1 val: 0.54451
  Train Epoch: 123 	Loss: 0.62809
  F1 train: 0.60696 	 F1 val: 0.53493
  Train Epoch: 124 	Loss: 0.63348
  F1 train: 0.64380 	 F1 val: 0.53847
  Train Epoch: 125 	Loss: 0.61622
  F1 train: 0.57635 	 F1 val: 0.51976
  Train Epoch: 126 	Loss: 0.63577
  F1 train: 0.61877 	 F1 val: 0.53381
  Train Epoch: 127 	Loss: 0.62978
  F1 train: 0.63723 	 F1 val: 0.54104
  Train Epoch: 128 	Loss: 0.60024
  F1 train: 0.65649 	 F1 val: 0.54536
  Train Epoch: 129 	Loss: 0.59387
  F1 train: 0.63153 	 F1 val: 0.52950
  Train Epoch: 130 	Loss: 0.59316
  F1 train: 0.61327 	 F1 val: 0.52818
  Train Epoch: 131 	Loss: 0.61461
  F1 train: 0.66572 	 F1 val: 0.53127
  Train Epoch: 132 	Loss: 0.59440
  F1 train: 0.61694 	 F1 val: 0.53535
  Train Epoch: 133 	Loss: 0.57335
  F1 train: 0.66675 	 F1 val: 0.54090
  Train Epoch: 134 	Loss: 0.58265
  F1 train: 0.65335 	 F1 val: 0.53575
  Train Epoch: 135 	Loss: 0.56283
  F1 train: 0.66145 	 F1 val: 0.53712
  Train Epoch: 136 	Loss: 0.56760
  F1 train: 0.61271 	 F1 val: 0.51327
  Train Epoch: 137 	Loss: 0.60286
  F1 train: 0.58646 	 F1 val: 0.52936
  Train Epoch: 138 	Loss: 0.58589
  F1 train: 0.63646 	 F1 val: 0.53992
  Train Epoch: 139 	Loss: 0.58304
  F1 train: 0.61823 	 F1 val: 0.53310
  Train Epoch: 140 	Loss: 0.55562
  F1 train: 0.63830 	 F1 val: 0.53631
  Train Epoch: 141 	Loss: 0.56794
  F1 train: 0.63332 	 F1 val: 0.52824
  Train Epoch: 142 	Loss: 0.54854
  F1 train: 0.65800 	 F1 val: 0.53336
  Train Epoch: 143 	Loss: 0.55765
  F1 train: 0.66338 	 F1 val: 0.53685
  Train Epoch: 144 	Loss: 0.54123
  F1 train: 0.67314 	 F1 val: 0.52979
  Train Epoch: 145 	Loss: 0.55175
  F1 train: 0.64714 	 F1 val: 0.53377
  Train Epoch: 146 	Loss: 0.53768
  F1 train: 0.69046 	 F1 val: 0.54111
  Train Epoch: 147 	Loss: 0.56724
  F1 train: 0.67204 	 F1 val: 0.54483
  Train Epoch: 148 	Loss: 0.54200
  F1 train: 0.66488 	 F1 val: 0.54259
  Train Epoch: 149 	Loss: 0.55542
  F1 train: 0.68900 	 F1 val: 0.54094
  Train Epoch: 150 	Loss: 0.52766
  F1 train: 0.67058 	 F1 val: 0.53872
  Train Epoch: 151 	Loss: 0.52784
  F1 train: 0.67282 	 F1 val: 0.53402
  Train Epoch: 152 	Loss: 0.51381
  F1 train: 0.68178 	 F1 val: 0.53802
  Train Epoch: 153 	Loss: 0.49847
  F1 train: 0.69063 	 F1 val: 0.54077
  Train Epoch: 154 	Loss: 0.49314
  F1 train: 0.69260 	 F1 val: 0.54054
  Train Epoch: 155 	Loss: 0.48283
  F1 train: 0.68938 	 F1 val: 0.54126
  Train Epoch: 156 	Loss: 0.48575
  F1 train: 0.69702 	 F1 val: 0.53859
  Train Epoch: 157 	Loss: 0.49061
  F1 train: 0.68821 	 F1 val: 0.53857
  Train Epoch: 158 	Loss: 0.49547
  F1 train: 0.69492 	 F1 val: 0.53827
  Train Epoch: 159 	Loss: 0.47521
  F1 train: 0.69401 	 F1 val: 0.53863
  Train Epoch: 160 	Loss: 0.48350
  F1 train: 0.69519 	 F1 val: 0.54084
  Train Epoch: 161 	Loss: 0.47799
  F1 train: 0.69348 	 F1 val: 0.54045
  Train Epoch: 162 	Loss: 0.47475
  F1 train: 0.69940 	 F1 val: 0.53777
  Train Epoch: 163 	Loss: 0.47996
  F1 train: 0.69548 	 F1 val: 0.53613
  Train Epoch: 164 	Loss: 0.47435
  F1 train: 0.70020 	 F1 val: 0.53789
  Train Epoch: 165 	Loss: 0.47586
  F1 train: 0.70540 	 F1 val: 0.53774
  Train Epoch: 166 	Loss: 0.46873
  F1 train: 0.70125 	 F1 val: 0.53625
  Train Epoch: 167 	Loss: 0.47261
  F1 train: 0.70232 	 F1 val: 0.53739
  Train Epoch: 168 	Loss: 0.46991
  F1 train: 0.69717 	 F1 val: 0.53678
  Train Epoch: 169 	Loss: 0.47249
  F1 train: 0.70130 	 F1 val: 0.53573
  Train Epoch: 170 	Loss: 0.47129
  F1 train: 0.70855 	 F1 val: 0.53641
  Train Epoch: 171 	Loss: 0.46424
  F1 train: 0.70950 	 F1 val: 0.53449
  Train Epoch: 172 	Loss: 0.47445
  F1 train: 0.70413 	 F1 val: 0.53449
  Train Epoch: 173 	Loss: 0.47231
  F1 train: 0.70579 	 F1 val: 0.53706
  Train Epoch: 174 	Loss: 0.48451
  F1 train: 0.70927 	 F1 val: 0.53585
  Train Epoch: 175 	Loss: 0.46978
  F1 train: 0.71275 	 F1 val: 0.53508
  Train Epoch: 176 	Loss: 0.45214
  F1 train: 0.70348 	 F1 val: 0.53455
  Train Epoch: 177 	Loss: 0.44777
  F1 train: 0.71133 	 F1 val: 0.53394
  Train Epoch: 178 	Loss: 0.45915
  F1 train: 0.70620 	 F1 val: 0.53309
  Train Epoch: 179 	Loss: 0.44887
  F1 train: 0.70979 	 F1 val: 0.53413
  Train Epoch: 180 	Loss: 0.46080
  F1 train: 0.71436 	 F1 val: 0.53431
  Train Epoch: 181 	Loss: 0.45633
  F1 train: 0.71268 	 F1 val: 0.53568
  Train Epoch: 182 	Loss: 0.46718
  F1 train: 0.71377 	 F1 val: 0.53388
  Train Epoch: 183 	Loss: 0.47698
  F1 train: 0.69796 	 F1 val: 0.53349
  Train Epoch: 184 	Loss: 0.45953
  F1 train: 0.70824 	 F1 val: 0.53263
  Train Epoch: 185 	Loss: 0.45972
  F1 train: 0.70515 	 F1 val: 0.53035
  Train Epoch: 186 	Loss: 0.44958
  F1 train: 0.71205 	 F1 val: 0.53188
  Train Epoch: 187 	Loss: 0.45080
  F1 train: 0.70879 	 F1 val: 0.53198
  Train Epoch: 188 	Loss: 0.45647
  F1 train: 0.71719 	 F1 val: 0.53256
  Train Epoch: 189 	Loss: 0.45268
  F1 train: 0.71200 	 F1 val: 0.53241
  Train Epoch: 190 	Loss: 0.45205
  F1 train: 0.70475 	 F1 val: 0.53306
  Train Epoch: 191 	Loss: 0.45219
  F1 train: 0.71220 	 F1 val: 0.53348
  Train Epoch: 192 	Loss: 0.45104
  F1 train: 0.71178 	 F1 val: 0.53242
  Train Epoch: 193 	Loss: 0.44977
  F1 train: 0.71868 	 F1 val: 0.53107
  Train Epoch: 194 	Loss: 0.45983
  F1 train: 0.70889 	 F1 val: 0.53246
  Train Epoch: 195 	Loss: 0.44327
  F1 train: 0.70511 	 F1 val: 0.53078
  Train Epoch: 196 	Loss: 0.45862
  F1 train: 0.71550 	 F1 val: 0.53059
  Train Epoch: 197 	Loss: 0.44461
  F1 train: 0.72010 	 F1 val: 0.53063
  Train Epoch: 198 	Loss: 0.43781
  F1 train: 0.72050 	 F1 val: 0.53190
  Train Epoch: 199 	Loss: 0.45240
  F1 train: 0.71439 	 F1 val: 0.53107
    F1 score of test set: 0.52035

🩺 [Validation Sample 0]
Model: U-Net Without Skip Connections
False Positives: 23951
False Negatives: 4448

🩺 [Validation Sample 1]
Model: U-Net Without Skip Connections
False Positives: 18850
False Negatives: 7272

🩺 [Validation Sample 2]
Model: U-Net Without Skip Connections
False Positives: 23917
False Negatives: 3390

🩺 [Validation Sample 3]
Model: U-Net Without Skip Connections
False Positives: 23219
False Negatives: 4745

COMPLETED!
